<?xml version="1.0" encoding="UTF-8"?>
<coverage generated="1675329188023" clover="3.2.0">
  <project timestamp="1675329188023" name="All files">
    <metrics statements="38" coveredstatements="13" conditionals="10" coveredconditionals="2" methods="17" coveredmethods="2" elements="65" coveredelements="17" complexity="0" loc="38" ncloc="38" packages="2" files="3" classes="3"/>
    <package name="ReactToDoApp">
      <metrics statements="3" coveredstatements="3" conditionals="0" coveredconditionals="0" methods="1" coveredmethods="1"/>
      <file name="App.js" path="/Users/jurajklucka/Projects/FinalProject/ReactToDoApp/App.js">
        <metrics statements="3" coveredstatements="3" conditionals="0" coveredconditionals="0" methods="1" coveredmethods="1"/>
        <line num="16" count="1" type="stmt"/>
        <line num="19" count="3" type="stmt"/>
        <line num="39" count="1" type="stmt"/>
      </file>
    </package>
    <package name="ReactToDoApp.components">
      <metrics statements="35" coveredstatements="10" conditionals="10" coveredconditionals="2" methods="16" coveredmethods="1"/>
      <file name="NoteModal.js" path="/Users/jurajklucka/Projects/FinalProject/ReactToDoApp/components/NoteModal.js">
        <metrics statements="24" coveredstatements="8" conditionals="6" coveredconditionals="2" methods="10" coveredmethods="1"/>
        <line num="15" count="1" type="stmt"/>
        <line num="16" count="1" type="stmt"/>
        <line num="20" count="1" type="stmt"/>
        <line num="30" count="2" type="stmt"/>
        <line num="32" count="2" type="stmt"/>
        <line num="34" count="0" type="stmt"/>
        <line num="35" count="0" type="stmt"/>
        <line num="42" count="2" type="stmt"/>
        <line num="44" count="0" type="stmt"/>
        <line num="45" count="0" type="stmt"/>
        <line num="48" count="2" type="stmt"/>
        <line num="54" count="0" type="stmt"/>
        <line num="56" count="0" type="stmt"/>
        <line num="63" count="0" type="stmt"/>
        <line num="85" count="0" type="stmt"/>
        <line num="88" count="0" type="stmt"/>
        <line num="115" count="0" type="stmt"/>
        <line num="117" count="0" type="stmt"/>
        <line num="126" count="0" type="stmt"/>
        <line num="128" count="0" type="stmt"/>
        <line num="139" count="0" type="cond" truecount="0" falsecount="2"/>
        <line num="140" count="0" type="stmt"/>
        <line num="143" count="0" type="stmt"/>
        <line num="158" count="1" type="stmt"/>
      </file>
      <file name="Task.js" path="/Users/jurajklucka/Projects/FinalProject/ReactToDoApp/components/Task.js">
        <metrics statements="11" coveredstatements="2" conditionals="4" coveredconditionals="0" methods="6" coveredmethods="0"/>
        <line num="12" count="1" type="stmt"/>
        <line num="13" count="0" type="stmt"/>
        <line num="15" count="0" type="stmt"/>
        <line num="17" count="0" type="stmt"/>
        <line num="24" count="0" type="stmt"/>
        <line num="28" count="0" type="stmt"/>
        <line num="30" count="0" type="stmt"/>
        <line num="44" count="0" type="stmt"/>
        <line num="47" count="0" type="stmt"/>
        <line num="48" count="0" type="stmt"/>
        <line num="67" count="1" type="stmt"/>
      </file>
    </package>
  </project>
</coverage>
