{"/Users/jurajklucka/Projects/FinalProject/ReactToDoApp/App.js": {"path":"/Users/jurajklucka/Projects/FinalProject/ReactToDoApp/App.js","statementMap":{"0":{"start":{"line":16,"column":14},"end":{"line":16,"column":36}},"1":{"start":{"line":19,"column":2},"end":{"line":36,"column":4}},"2":{"start":{"line":39,"column":15},"end":{"line":43,"column":2}}},"fnMap":{"0":{"name":"App","decl":{"start":{"line":18,"column":24},"end":{"line":18,"column":27}},"loc":{"start":{"line":18,"column":30},"end":{"line":37,"column":1}},"line":18}},"branchMap":{},"s":{"0":1,"1":3,"2":1},"f":{"0":3},"b":{},"_coverageSchema":"1a1c01bbd47fc00a2c39e90264f33305004495a9","hash":"c976025600024a49b5d96195b3634d30a5f25a4d"}
,"/Users/jurajklucka/Projects/FinalProject/ReactToDoApp/components/NoteModal.js": {"path":"/Users/jurajklucka/Projects/FinalProject/ReactToDoApp/components/NoteModal.js","statementMap":{"0":{"start":{"line":15,"column":12},"end":{"line":15,"column":42}},"1":{"start":{"line":16,"column":13},"end":{"line":16,"column":44}},"2":{"start":{"line":20,"column":18},"end":{"line":154,"column":1}},"3":{"start":{"line":30,"column":36},"end":{"line":30,"column":48}},"4":{"start":{"line":32,"column":26},"end":{"line":36,"column":3}},"5":{"start":{"line":34,"column":20},"end":{"line":34,"column":59}},"6":{"start":{"line":35,"column":4},"end":{"line":35,"column":21}},"7":{"start":{"line":42,"column":23},"end":{"line":46,"column":3}},"8":{"start":{"line":44,"column":20},"end":{"line":44,"column":53}},"9":{"start":{"line":45,"column":4},"end":{"line":45,"column":21}},"10":{"start":{"line":48,"column":2},"end":{"line":153,"column":4}},"11":{"start":{"line":54,"column":8},"end":{"line":54,"column":46}},"12":{"start":{"line":56,"column":8},"end":{"line":56,"column":33}},"13":{"start":{"line":63,"column":23},"end":{"line":63,"column":47}},"14":{"start":{"line":85,"column":16},"end":{"line":85,"column":35}},"15":{"start":{"line":88,"column":34},"end":{"line":88,"column":51}},"16":{"start":{"line":115,"column":16},"end":{"line":115,"column":33}},"17":{"start":{"line":117,"column":16},"end":{"line":117,"column":41}},"18":{"start":{"line":126,"column":18},"end":{"line":126,"column":35}},"19":{"start":{"line":128,"column":18},"end":{"line":128,"column":43}},"20":{"start":{"line":139,"column":16},"end":{"line":144,"column":17}},"21":{"start":{"line":140,"column":18},"end":{"line":140,"column":43}},"22":{"start":{"line":143,"column":18},"end":{"line":143,"column":41}},"23":{"start":{"line":158,"column":15},"end":{"line":325,"column":2}}},"fnMap":{"0":{"name":"(anonymous_0)","decl":{"start":{"line":20,"column":18},"end":{"line":20,"column":19}},"loc":{"start":{"line":29,"column":6},"end":{"line":154,"column":1}},"line":29},"1":{"name":"(anonymous_1)","decl":{"start":{"line":32,"column":26},"end":{"line":32,"column":27}},"loc":{"start":{"line":32,"column":32},"end":{"line":36,"column":3}},"line":32},"2":{"name":"(anonymous_2)","decl":{"start":{"line":42,"column":23},"end":{"line":42,"column":24}},"loc":{"start":{"line":42,"column":40},"end":{"line":46,"column":3}},"line":42},"3":{"name":"(anonymous_3)","decl":{"start":{"line":53,"column":22},"end":{"line":53,"column":23}},"loc":{"start":{"line":53,"column":28},"end":{"line":57,"column":7}},"line":53},"4":{"name":"(anonymous_4)","decl":{"start":{"line":63,"column":17},"end":{"line":63,"column":18}},"loc":{"start":{"line":63,"column":23},"end":{"line":63,"column":47}},"line":63},"5":{"name":"(anonymous_5)","decl":{"start":{"line":84,"column":28},"end":{"line":84,"column":29}},"loc":{"start":{"line":84,"column":38},"end":{"line":86,"column":15}},"line":84},"6":{"name":"(anonymous_6)","decl":{"start":{"line":88,"column":28},"end":{"line":88,"column":29}},"loc":{"start":{"line":88,"column":34},"end":{"line":88,"column":51}},"line":88},"7":{"name":"(anonymous_7)","decl":{"start":{"line":114,"column":23},"end":{"line":114,"column":24}},"loc":{"start":{"line":114,"column":29},"end":{"line":118,"column":15}},"line":114},"8":{"name":"(anonymous_8)","decl":{"start":{"line":125,"column":25},"end":{"line":125,"column":26}},"loc":{"start":{"line":125,"column":31},"end":{"line":129,"column":17}},"line":125},"9":{"name":"(anonymous_9)","decl":{"start":{"line":137,"column":23},"end":{"line":137,"column":24}},"loc":{"start":{"line":137,"column":29},"end":{"line":145,"column":15}},"line":137}},"branchMap":{"0":{"loc":{"start":{"line":68,"column":18},"end":{"line":68,"column":62}},"type":"cond-expr","locations":[{"start":{"line":68,"column":42},"end":{"line":68,"column":51}},{"start":{"line":68,"column":54},"end":{"line":68,"column":62}}],"line":68},"1":{"loc":{"start":{"line":122,"column":13},"end":{"line":133,"column":13}},"type":"binary-expr","locations":[{"start":{"line":122,"column":13},"end":{"line":122,"column":25}},{"start":{"line":123,"column":14},"end":{"line":132,"column":26}}],"line":122},"2":{"loc":{"start":{"line":139,"column":16},"end":{"line":144,"column":17}},"type":"if","locations":[{"start":{"line":139,"column":16},"end":{"line":144,"column":17}},{"start":{"line":141,"column":23},"end":{"line":144,"column":17}}],"line":139}},"s":{"0":1,"1":1,"2":1,"3":2,"4":2,"5":0,"6":0,"7":2,"8":0,"9":0,"10":2,"11":0,"12":0,"13":0,"14":0,"15":0,"16":0,"17":0,"18":0,"19":0,"20":0,"21":0,"22":0,"23":1},"f":{"0":2,"1":0,"2":0,"3":0,"4":0,"5":0,"6":0,"7":0,"8":0,"9":0},"b":{"0":[2,0],"1":[2,0],"2":[0,0]},"_coverageSchema":"1a1c01bbd47fc00a2c39e90264f33305004495a9","hash":"a99b1bf5559007c073d90f8fc2391074eadef6f1"}
,"/Users/jurajklucka/Projects/FinalProject/ReactToDoApp/components/Task.js": {"path":"/Users/jurajklucka/Projects/FinalProject/ReactToDoApp/components/Task.js","statementMap":{"0":{"start":{"line":12,"column":13},"end":{"line":65,"column":1}},"1":{"start":{"line":13,"column":19},"end":{"line":13,"column":56}},"2":{"start":{"line":15,"column":18},"end":{"line":22,"column":3}},"3":{"start":{"line":17,"column":4},"end":{"line":21,"column":23}},"4":{"start":{"line":24,"column":2},"end":{"line":64,"column":4}},"5":{"start":{"line":28,"column":10},"end":{"line":28,"column":20}},"6":{"start":{"line":30,"column":10},"end":{"line":30,"column":44}},"7":{"start":{"line":44,"column":10},"end":{"line":44,"column":43}},"8":{"start":{"line":47,"column":10},"end":{"line":47,"column":53}},"9":{"start":{"line":48,"column":10},"end":{"line":48,"column":44}},"10":{"start":{"line":67,"column":15},"end":{"line":97,"column":2}}},"fnMap":{"0":{"name":"(anonymous_0)","decl":{"start":{"line":12,"column":13},"end":{"line":12,"column":14}},"loc":{"start":{"line":12,"column":24},"end":{"line":65,"column":1}},"line":12},"1":{"name":"(anonymous_1)","decl":{"start":{"line":15,"column":18},"end":{"line":15,"column":19}},"loc":{"start":{"line":15,"column":24},"end":{"line":22,"column":3}},"line":15},"2":{"name":"(anonymous_2)","decl":{"start":{"line":21,"column":13},"end":{"line":21,"column":14}},"loc":{"start":{"line":21,"column":19},"end":{"line":21,"column":21}},"line":21},"3":{"name":"(anonymous_3)","decl":{"start":{"line":27,"column":17},"end":{"line":27,"column":18}},"loc":{"start":{"line":27,"column":23},"end":{"line":31,"column":9}},"line":27},"4":{"name":"(anonymous_4)","decl":{"start":{"line":43,"column":17},"end":{"line":43,"column":18}},"loc":{"start":{"line":43,"column":23},"end":{"line":45,"column":9}},"line":43},"5":{"name":"(anonymous_5)","decl":{"start":{"line":46,"column":21},"end":{"line":46,"column":22}},"loc":{"start":{"line":46,"column":27},"end":{"line":49,"column":9}},"line":46}},"branchMap":{"0":{"loc":{"start":{"line":53,"column":12},"end":{"line":53,"column":58}},"type":"cond-expr","locations":[{"start":{"line":53,"column":35},"end":{"line":53,"column":53}},{"start":{"line":53,"column":56},"end":{"line":53,"column":58}}],"line":53},"1":{"loc":{"start":{"line":58,"column":11},"end":{"line":60,"column":57}},"type":"cond-expr","locations":[{"start":{"line":59,"column":14},"end":{"line":59,"column":37}},{"start":{"line":60,"column":14},"end":{"line":60,"column":57}}],"line":58}},"s":{"0":1,"1":0,"2":0,"3":0,"4":0,"5":0,"6":0,"7":0,"8":0,"9":0,"10":1},"f":{"0":0,"1":0,"2":0,"3":0,"4":0,"5":0},"b":{"0":[0,0],"1":[0,0]},"_coverageSchema":"1a1c01bbd47fc00a2c39e90264f33305004495a9","hash":"b5f81a94b2574ca8433d098215a2543079a1a692"}
}
