TN:
SF:App.js
FN:18,App
FNF:1
FNH:1
FNDA:3,App
DA:16,1
DA:19,3
DA:39,1
LF:3
LH:3
BRF:0
BRH:0
end_of_record
TN:
SF:components/NoteModal.js
FN:20,(anonymous_0)
FN:32,(anonymous_1)
FN:42,(anonymous_2)
FN:53,(anonymous_3)
FN:63,(anonymous_4)
FN:84,(anonymous_5)
FN:88,(anonymous_6)
FN:114,(anonymous_7)
FN:125,(anonymous_8)
FN:137,(anonymous_9)
FNF:10
FNH:1
FNDA:2,(anonymous_0)
FNDA:0,(anonymous_1)
FNDA:0,(anonymous_2)
FNDA:0,(anonymous_3)
FNDA:0,(anonymous_4)
FNDA:0,(anonymous_5)
FNDA:0,(anonymous_6)
FNDA:0,(anonymous_7)
FNDA:0,(anonymous_8)
FNDA:0,(anonymous_9)
DA:15,1
DA:16,1
DA:20,1
DA:30,2
DA:32,2
DA:34,0
DA:35,0
DA:42,2
DA:44,0
DA:45,0
DA:48,2
DA:54,0
DA:56,0
DA:63,0
DA:85,0
DA:88,0
DA:115,0
DA:117,0
DA:126,0
DA:128,0
DA:139,0
DA:140,0
DA:143,0
DA:158,1
LF:24
LH:8
BRDA:68,0,0,2
BRDA:68,0,1,0
BRDA:122,1,0,2
BRDA:122,1,1,0
BRDA:139,2,0,0
BRDA:139,2,1,0
BRF:6
BRH:2
end_of_record
TN:
SF:components/Task.js
FN:12,(anonymous_0)
FN:15,(anonymous_1)
FN:21,(anonymous_2)
FN:27,(anonymous_3)
FN:43,(anonymous_4)
FN:46,(anonymous_5)
FNF:6
FNH:0
FNDA:0,(anonymous_0)
FNDA:0,(anonymous_1)
FNDA:0,(anonymous_2)
FNDA:0,(anonymous_3)
FNDA:0,(anonymous_4)
FNDA:0,(anonymous_5)
DA:12,1
DA:13,0
DA:15,0
DA:17,0
DA:24,0
DA:28,0
DA:30,0
DA:44,0
DA:47,0
DA:48,0
DA:67,1
LF:11
LH:2
BRDA:53,0,0,0
BRDA:53,0,1,0
BRDA:58,1,0,0
BRDA:58,1,1,0
BRF:4
BRH:0
end_of_record
